<?xml version="1.0" encoding="UTF-8"?>
<coverage generated="1694424431812" clover="3.2.0">
  <project timestamp="1694424431812" name="All files">
    <metrics statements="30" coveredstatements="29" conditionals="13" coveredconditionals="12" methods="13" coveredmethods="13" elements="56" coveredelements="54" complexity="0" loc="30" ncloc="30" packages="1" files="2" classes="2"/>
    <file name="extended_formatting.js" path="C:\Users\Lars\Documents\Programmierungscode\Schule\modul450\AB\AB03\extended_formatting.js">
      <metrics statements="14" coveredstatements="14" conditionals="9" coveredconditionals="9" methods="8" coveredmethods="8"/>
      <line num="3" count="2" type="stmt"/>
      <line num="8" count="1" type="stmt"/>
      <line num="9" count="1" type="stmt"/>
      <line num="10" count="5" type="cond" truecount="2" falsecount="0"/>
      <line num="11" count="1" type="stmt"/>
      <line num="13" count="4" type="stmt"/>
      <line num="16" count="1" type="stmt"/>
      <line num="21" count="3" type="cond" truecount="2" falsecount="0"/>
      <line num="26" count="1" type="stmt"/>
      <line num="31" count="5" type="stmt"/>
      <line num="35" count="3" type="cond" truecount="5" falsecount="0"/>
      <line num="36" count="2" type="stmt"/>
      <line num="38" count="1" type="stmt"/>
      <line num="42" count="1" type="stmt"/>
    </file>
    <file name="formatting.js" path="C:\Users\Lars\Documents\Programmierungscode\Schule\modul450\AB\AB03\formatting.js">
      <metrics statements="16" coveredstatements="15" conditionals="4" coveredconditionals="3" methods="5" coveredmethods="5"/>
      <line num="3" count="1" type="cond" truecount="1" falsecount="1"/>
      <line num="4" count="0" type="stmt"/>
      <line num="6" count="1" type="stmt"/>
      <line num="12" count="1" type="stmt"/>
      <line num="15" count="1" type="stmt"/>
      <line num="20" count="1" type="stmt"/>
      <line num="21" count="2" type="stmt"/>
      <line num="22" count="1" type="stmt"/>
      <line num="27" count="1" type="stmt"/>
      <line num="28" count="1" type="stmt"/>
      <line num="30" count="1" type="stmt"/>
      <line num="31" count="5" type="stmt"/>
      <line num="32" count="5" type="cond" truecount="2" falsecount="0"/>
      <line num="33" count="3" type="stmt"/>
      <line num="37" count="1" type="stmt"/>
      <line num="41" count="1" type="stmt"/>
    </file>
  </project>
</coverage>
