{"C:\\Users\\Lars\\Documents\\Programmierungscode\\Schule\\modul450\\AB\\AB03\\extended_formatting.js": {"path":"C:\\Users\\Lars\\Documents\\Programmierungscode\\Schule\\modul450\\AB\\AB03\\extended_formatting.js","statementMap":{"0":{"start":{"line":3,"column":4},"end":{"line":3,"column":29}},"1":{"start":{"line":8,"column":22},"end":{"line":8,"column":24}},"2":{"start":{"line":9,"column":4},"end":{"line":15,"column":5}},"3":{"start":{"line":10,"column":6},"end":{"line":14,"column":7}},"4":{"start":{"line":11,"column":8},"end":{"line":11,"column":28}},"5":{"start":{"line":13,"column":8},"end":{"line":13,"column":30}},"6":{"start":{"line":16,"column":4},"end":{"line":16,"column":21}},"7":{"start":{"line":21,"column":4},"end":{"line":21,"column":66}},"8":{"start":{"line":21,"column":39},"end":{"line":21,"column":63}},"9":{"start":{"line":26,"column":4},"end":{"line":26,"column":43}},"10":{"start":{"line":31,"column":4},"end":{"line":31,"column":54}},"11":{"start":{"line":31,"column":32},"end":{"line":31,"column":52}},"12":{"start":{"line":35,"column":4},"end":{"line":37,"column":5}},"13":{"start":{"line":36,"column":6},"end":{"line":36,"column":97}},"14":{"start":{"line":38,"column":4},"end":{"line":38,"column":17}},"15":{"start":{"line":42,"column":2},"end":{"line":49,"column":4}}},"fnMap":{"0":{"name":"uniqueValues","decl":{"start":{"line":2,"column":9},"end":{"line":2,"column":21}},"loc":{"start":{"line":2,"column":27},"end":{"line":4,"column":3}},"line":2},"1":{"name":"letterFrequency","decl":{"start":{"line":7,"column":11},"end":{"line":7,"column":26}},"loc":{"start":{"line":7,"column":33},"end":{"line":17,"column":3}},"line":7},"2":{"name":"sortByKey","decl":{"start":{"line":20,"column":11},"end":{"line":20,"column":20}},"loc":{"start":{"line":20,"column":31},"end":{"line":22,"column":3}},"line":20},"3":{"name":"(anonymous_3)","decl":{"start":{"line":21,"column":28},"end":{"line":21,"column":29}},"loc":{"start":{"line":21,"column":39},"end":{"line":21,"column":63}},"line":21},"4":{"name":"deepClone","decl":{"start":{"line":25,"column":11},"end":{"line":25,"column":20}},"loc":{"start":{"line":25,"column":26},"end":{"line":27,"column":3}},"line":25},"5":{"name":"intersection","decl":{"start":{"line":30,"column":11},"end":{"line":30,"column":23}},"loc":{"start":{"line":30,"column":36},"end":{"line":32,"column":3}},"line":30},"6":{"name":"(anonymous_6)","decl":{"start":{"line":31,"column":23},"end":{"line":31,"column":24}},"loc":{"start":{"line":31,"column":32},"end":{"line":31,"column":52}},"line":31},"7":{"name":"divide","decl":{"start":{"line":34,"column":11},"end":{"line":34,"column":17}},"loc":{"start":{"line":34,"column":24},"end":{"line":39,"column":3}},"line":34}},"branchMap":{"0":{"loc":{"start":{"line":10,"column":6},"end":{"line":14,"column":7}},"type":"if","locations":[{"start":{"line":10,"column":6},"end":{"line":14,"column":7}},{"start":{"line":12,"column":13},"end":{"line":14,"column":7}}],"line":10},"1":{"loc":{"start":{"line":21,"column":39},"end":{"line":21,"column":63}},"type":"cond-expr","locations":[{"start":{"line":21,"column":57},"end":{"line":21,"column":58}},{"start":{"line":21,"column":61},"end":{"line":21,"column":63}}],"line":21},"2":{"loc":{"start":{"line":35,"column":4},"end":{"line":37,"column":5}},"type":"if","locations":[{"start":{"line":35,"column":4},"end":{"line":37,"column":5}},{"start":{},"end":{}}],"line":35},"3":{"loc":{"start":{"line":35,"column":8},"end":{"line":35,"column":65}},"type":"binary-expr","locations":[{"start":{"line":35,"column":8},"end":{"line":35,"column":29}},{"start":{"line":35,"column":33},"end":{"line":35,"column":54}},{"start":{"line":35,"column":58},"end":{"line":35,"column":65}}],"line":35}},"s":{"0":2,"1":1,"2":1,"3":5,"4":1,"5":4,"6":1,"7":1,"8":3,"9":1,"10":1,"11":5,"12":3,"13":2,"14":1,"15":1},"f":{"0":2,"1":1,"2":1,"3":3,"4":1,"5":1,"6":5,"7":3},"b":{"0":[1,4],"1":[2,1],"2":[2,1],"3":[3,2,2]},"_coverageSchema":"1a1c01bbd47fc00a2c39e90264f33305004495a9","hash":"11cd954b57ff0cce9d11c8c24cdfff19661e9d1e"}
,"C:\\Users\\Lars\\Documents\\Programmierungscode\\Schule\\modul450\\AB\\AB03\\formatting.js": {"path":"C:\\Users\\Lars\\Documents\\Programmierungscode\\Schule\\modul450\\AB\\AB03\\formatting.js","statementMap":{"0":{"start":{"line":3,"column":4},"end":{"line":5,"column":5}},"1":{"start":{"line":4,"column":6},"end":{"line":4,"column":23}},"2":{"start":{"line":6,"column":4},"end":{"line":6,"column":31}},"3":{"start":{"line":12,"column":24},"end":{"line":12,"column":61}},"4":{"start":{"line":15,"column":4},"end":{"line":15,"column":68}},"5":{"start":{"line":20,"column":18},"end":{"line":20,"column":37}},"6":{"start":{"line":21,"column":29},"end":{"line":21,"column":92}},"7":{"start":{"line":21,"column":47},"end":{"line":21,"column":91}},"8":{"start":{"line":22,"column":4},"end":{"line":22,"column":38}},"9":{"start":{"line":27,"column":18},"end":{"line":27,"column":37}},"10":{"start":{"line":28,"column":20},"end":{"line":28,"column":21}},"11":{"start":{"line":30,"column":4},"end":{"line":35,"column":5}},"12":{"start":{"line":31,"column":25},"end":{"line":31,"column":36}},"13":{"start":{"line":32,"column":6},"end":{"line":34,"column":7}},"14":{"start":{"line":33,"column":8},"end":{"line":33,"column":31}},"15":{"start":{"line":37,"column":4},"end":{"line":37,"column":21}},"16":{"start":{"line":41,"column":2},"end":{"line":46,"column":4}}},"fnMap":{"0":{"name":"getLastElement","decl":{"start":{"line":2,"column":9},"end":{"line":2,"column":23}},"loc":{"start":{"line":2,"column":29},"end":{"line":7,"column":3}},"line":2},"1":{"name":"isPalindrome","decl":{"start":{"line":10,"column":11},"end":{"line":10,"column":23}},"loc":{"start":{"line":10,"column":30},"end":{"line":16,"column":3}},"line":10},"2":{"name":"capitalizeWords","decl":{"start":{"line":19,"column":11},"end":{"line":19,"column":26}},"loc":{"start":{"line":19,"column":37},"end":{"line":23,"column":3}},"line":19},"3":{"name":"(anonymous_3)","decl":{"start":{"line":21,"column":39},"end":{"line":21,"column":40}},"loc":{"start":{"line":21,"column":47},"end":{"line":21,"column":91}},"line":21},"4":{"name":"lengthOfLongestWord","decl":{"start":{"line":26,"column":11},"end":{"line":26,"column":30}},"loc":{"start":{"line":26,"column":41},"end":{"line":38,"column":3}},"line":26}},"branchMap":{"0":{"loc":{"start":{"line":3,"column":4},"end":{"line":5,"column":5}},"type":"if","locations":[{"start":{"line":3,"column":4},"end":{"line":5,"column":5}},{"start":{},"end":{}}],"line":3},"1":{"loc":{"start":{"line":32,"column":6},"end":{"line":34,"column":7}},"type":"if","locations":[{"start":{"line":32,"column":6},"end":{"line":34,"column":7}},{"start":{},"end":{}}],"line":32}},"s":{"0":1,"1":0,"2":1,"3":1,"4":1,"5":1,"6":1,"7":2,"8":1,"9":1,"10":1,"11":1,"12":5,"13":5,"14":3,"15":1,"16":1},"f":{"0":1,"1":1,"2":1,"3":2,"4":1},"b":{"0":[0,1],"1":[3,2]},"_coverageSchema":"1a1c01bbd47fc00a2c39e90264f33305004495a9","hash":"eaf44ec5da7c68786c637d386540791493f5325c"}
}
