TN:
SF:extended_formatting.js
FN:2,uniqueValues
FN:7,letterFrequency
FN:20,sortByKey
FN:21,(anonymous_3)
FN:25,deepClone
FN:30,intersection
FN:31,(anonymous_6)
FN:34,divide
FNF:8
FNH:8
FNDA:2,uniqueValues
FNDA:1,letterFrequency
FNDA:1,sortByKey
FNDA:3,(anonymous_3)
FNDA:1,deepClone
FNDA:1,intersection
FNDA:5,(anonymous_6)
FNDA:3,divide
DA:3,2
DA:8,1
DA:9,1
DA:10,5
DA:11,1
DA:13,4
DA:16,1
DA:21,3
DA:26,1
DA:31,5
DA:35,3
DA:36,2
DA:38,1
DA:42,1
LF:14
LH:14
BRDA:10,0,0,1
BRDA:10,0,1,4
BRDA:21,1,0,2
BRDA:21,1,1,1
BRDA:35,2,0,2
BRDA:35,2,1,1
BRDA:35,3,0,3
BRDA:35,3,1,2
BRDA:35,3,2,2
BRF:9
BRH:9
end_of_record
TN:
SF:formatting.js
FN:2,getLastElement
FN:10,isPalindrome
FN:19,capitalizeWords
FN:21,(anonymous_3)
FN:26,lengthOfLongestWord
FNF:5
FNH:5
FNDA:1,getLastElement
FNDA:1,isPalindrome
FNDA:1,capitalizeWords
FNDA:2,(anonymous_3)
FNDA:1,lengthOfLongestWord
DA:3,1
DA:4,0
DA:6,1
DA:12,1
DA:15,1
DA:20,1
DA:21,2
DA:22,1
DA:27,1
DA:28,1
DA:30,1
DA:31,5
DA:32,5
DA:33,3
DA:37,1
DA:41,1
LF:16
LH:15
BRDA:3,0,0,0
BRDA:3,0,1,1
BRDA:32,1,0,3
BRDA:32,1,1,2
BRF:4
BRH:3
end_of_record
